[hautaustoimistot__memoria] attempt 1: https://memoria.fi
[hautaustoimistot__memoria] OK perf=27 a11y=93 seo=100 bp=92
[hautaustoimistot__humat] attempt 1: https://humat.fi
[hautaustoimistot__humat] OK perf=55 a11y=83 seo=92 bp=100
[hautaustoimistot__toro] attempt 1: https://hautaustoimistotoro.fi
[hautaustoimistot__toro] OK perf=37 a11y=94 seo=92 bp=100
[hautaustoimistot__hok-elannon-hautauspalvelu] attempt 1: https://hok-elannonhautauspalvelu.fi
[hautaustoimistot__hok-elannon-hautauspalvelu] OK perf=52 a11y=96 seo=100 bp=96
[hautaustoimistot__lohtu] attempt 1: https://lohtu.fi
[hautaustoimistot__lohtu] OK perf=34 a11y=83 seo=92 bp=77
[hautaustoimistot__hautauspalvelusi] attempt 1: https://hautauspalvelusi.fi
[hautaustoimistot__hautauspalvelusi] OK perf=48 a11y=94 seo=100 bp=100
[hautaustoimistot__pietet] attempt 1: https://pietet.fi
[hautaustoimistot__pietet] OK perf=22 a11y=87 seo=100 bp=100
[matkatoimistot__aurinkomatkat] attempt 1: https://aurinkomatkat.fi
[matkatoimistot__aurinkomatkat] OK perf=31 a11y=100 seo=100 bp=100
[matkatoimistot__tui] attempt 1: https://tui.fi
[matkatoimistot__tui] OK perf=19 a11y=86 seo=85 bp=77
[matkatoimistot__tjareborg] attempt 1: https://tjareborg.fi
[matkatoimistot__tjareborg] OK perf=44 a11y=100 seo=100 bp=92
[matkatoimistot__apollomatkat] attempt 1: https://apollomatkat.fi
[matkatoimistot__apollomatkat] OK perf=49 a11y=88 seo=100 bp=100
[matkatoimistot__matkapojat] attempt 1: https://matkapojat.fi
[matkatoimistot__matkapojat] OK perf=55 a11y=80 seo=92 bp=92
[matkatoimistot__lomalinja] attempt 1: https://lomalinja.fi
[matkatoimistot__lomalinja] OK perf=41 a11y=86 seo=85 bp=96
[matkatoimistot__pohjolan-matka] attempt 1: https://pohjolanmatka.fi
[matkatoimistot__pohjolan-matka] OK perf=18 a11y=76 seo=92 bp=96
[matkatoimistot__olympia] attempt 1: https://olympia.fi
[matkatoimistot__olympia] OK perf=35 a11y=91 seo=100 bp=100
[matkatoimistot__kilroy] attempt 1: https://kilroy.fi
[matkatoimistot__kilroy] OK perf=27 a11y=80 seo=92 bp=77
[matkatoimistot__aventura] attempt 1: https://aventura.fi
[matkatoimistot__aventura] OK perf=55 a11y=90 seo=92 bp=100
[matkatoimistot__imt] attempt 1: https://imt.fi
[matkatoimistot__imt] OK perf=26 a11y=80 seo=100 bp=100
[tilitoimistot__aspia] attempt 1: https://aspia.fi
[tilitoimistot__aspia] OK perf=44 a11y=92 seo=100 bp=96
[tilitoimistot__rantalainen] attempt 1: https://rantalainen.fi
[tilitoimistot__rantalainen] OK perf=59 a11y=92 seo=100 bp=96
[tilitoimistot__talenom] attempt 1: https://talenom.com/fi-fi
[tilitoimistot__talenom] OK perf=31 a11y=91 seo=92 bp=54
[tilitoimistot__azets] attempt 1: https://azets.com/fi
[tilitoimistot__azets] OK perf=34 a11y=97 seo=92 bp=77
[tilitoimistot__greenstep] attempt 1: https://greenstep.fi
[tilitoimistot__greenstep] OK perf=61 a11y=100 seo=100 bp=100
[tilitoimistot__aallon-group] attempt 1: https://aallon.fi
[tilitoimistot__aallon-group] OK perf=57 a11y=84 seo=100 bp=58
[tilitoimistot__administer] attempt 1: https://administer.fi
[tilitoimistot__administer] OK perf=19 a11y=79 seo=100 bp=54
[tilitoimistot__balanco] attempt 1: https://balanco.fi
[tilitoimistot__balanco] OK perf=76 a11y=96 seo=100 bp=100
[tilitoimistot__gallant] attempt 1: https://gallant.fi
[tilitoimistot__gallant] OK perf=26 a11y=97 seo=100 bp=54
[fysioterapia__coronaria] attempt 1: https://coronaria.fi
[fysioterapia__coronaria] OK perf=49 a11y=92 seo=100 bp=96
[fysioterapia__kotifysio] attempt 1: https://kotifysio.fi
[fysioterapia__kotifysio] OK perf=32 a11y=91 seo=92 bp=96
[fysioterapia__mehilainen] attempt 1: https://mehilainen.fi
[fysioterapia__mehilainen] OK perf=46 a11y=100 seo=100 bp=100
[fysioterapia__terveystalo] attempt 1: https://terveystalo.com
[fysioterapia__terveystalo] OK perf=42 a11y=100 seo=100 bp=92
[fysioterapia__pihlajalinna] attempt 1: https://pihlajalinna.fi
[fysioterapia__pihlajalinna] OK perf=37 a11y=91 seo=100 bp=100
[fysioterapia__aava] attempt 1: https://aava.fi
[fysioterapia__aava] OK perf=56 a11y=92 seo=92 bp=77
[fysioterapia__fressi] attempt 1: https://fressi.fi
[fysioterapia__fressi] OK perf=30 a11y=89 seo=100 bp=77
[autopesulat__abc-carwash] attempt 1: https://abcasemat.fi
[autopesulat__abc-carwash] OK perf=41 a11y=95 seo=92 bp=100
[autopesulat__neste] attempt 1: https://neste.fi
[autopesulat__neste] OK perf=28 a11y=99 seo=92 bp=100
[autopesulat__st1] attempt 1: https://autopesu.st1.fi
[autopesulat__st1] OK perf=48 a11y=90 seo=83 bp=96
[autopesulat__carwash] attempt 1: https://carwash.fi
[autopesulat__carwash] OK perf=55 a11y=93 seo=100 bp=100
[autopesulat__gowash] attempt 1: https://gowash.fi
[autopesulat__gowash] OK perf=29 a11y=84 seo=100 bp=54
[autopesulat__korrek-pro-center] attempt 1: https://korrekprocenter.fi
[autopesulat__korrek-pro-center] OK perf=39 a11y=90 seo=100 bp=100
[autopesulat__hese-pesu] attempt 1: https://hesburger.fi
[autopesulat__hese-pesu] OK perf=58 a11y=83 seo=92 bp=100
[autopesulat__carstation] attempt 1: https://carstation.fi
[autopesulat__carstation] OK perf=56 a11y=75 seo=92 bp=100

done — 275 measured, summary at pipeline/lh_cache/_summary.json
